[1;34mChecking Hailo hardware connection and driver/library version...[0m
/home/admin/hajj_system/post_reboot_check.sh: line 23: warning: command substitution: ignored null byte in input
[1;34mNo driver/library version mismatch detected.[0m
[1;34mRunning test script...[0m
System information:
Devices:
  HAILORT/HAILO8:
  - '@Index': 0
    Board Name: Hailo-8
    Device Architecture: HAILO8
    Firmware Version: 4.20.0
    ID: '0001:06:00.0'
    Part Number: ''
    Product Name: ''
    Serial Number: ''
  N2X/CPU:
  - '@Index': 0
  TFLITE/CPU:
  - '@Index': 0
  - '@Index': 1
Software Version: 0.16.2


Supported RUNTIME/DEVICE combinations: ['DUMMY/DUMMY', 'HAILORT/HAILO8', 'N2X/CPU', 'TFLITE/CPU']
Using device type: HAILORT/HAILO8
Running inference on Hailo device
Running inference using 'guard_detection_model' on image source 'input/guard_1.png'
- bbox: [414.9781368970871, 708.8366344571114, 679.2724858820438, 896.830363869667]
  category_id: 0
  label: guard
  score: 0.8008214831352234
- bbox: [908.5210474133492, 322.7173322439194, 1038.1632152795792, 483.95503252744675]
  category_id: 0
  label: guard
  score: 0.6795962452888489

[1;34mChecking Hailo hardware connection and driver/library version...[0m
/home/admin/hajj_system/post_reboot_check.sh: line 23: warning: command substitution: ignored null byte in input
[1;34mNo driver/library version mismatch detected.[0m
[1;34mRunning test script...[0m
System information:
Devices:
  HAILORT/HAILO8:
  - '@Index': 0
    Board Name: Hailo-8
    Device Architecture: HAILO8
    Firmware Version: 4.20.0
    ID: '0001:06:00.0'
    Part Number: ''
    Product Name: ''
    Serial Number: ''
  N2X/CPU:
  - '@Index': 0
  TFLITE/CPU:
  - '@Index': 0
  - '@Index': 1
Software Version: 0.16.2


Supported RUNTIME/DEVICE combinations: ['DUMMY/DUMMY', 'HAILORT/HAILO8', 'N2X/CPU', 'TFLITE/CPU']
Using device type: HAILORT/HAILO8
Running inference on Hailo device
Running inference using 'guard_detection_model' on image source 'input/guard_1.png'
- bbox: [414.9781368970871, 708.8366344571114, 679.2724858820438, 896.830363869667]
  category_id: 0
  label: guard
  score: 0.8008214831352234
- bbox: [908.5210474133492, 322.7173322439194, 1038.1632152795792, 483.95503252744675]
  category_id: 0
  label: guard
  score: 0.6795962452888489

